#
# A fatal error has been detected by the Java Runtime Environment:
#
#  SIGSEGV (0xb) at pc=0x00007f10471b3f1a, pid=12813, tid=139707796788992
#
# JRE version: 6.0_26-b03
# Java VM: Java HotSpot(TM) 64-Bit Server VM (20.1-b02 mixed mode linux-amd64 compressed oops)
# Problematic frame:
# V  [libjvm.so+0x4b0f1a]  instanceKlass::oop_follow_contents(oopDesc*)+0x13a
#
# If you would like to submit a bug report, please visit:
#   http://java.sun.com/webapps/bugreport/crash.jsp
#

---------------  T H R E A D  ---------------

Current thread (0x0000000040e3b000):  VMThread [stack: 0x00007f1041899000,0x00007f104199a000] [id=12826]

siginfo:si_signo=SIGSEGV: si_errno=0, si_code=1 (SEGV_MAPERR), si_addr=0x00000000464c457c

Registers:
RAX=0x0000000000000000, RBX=0x00000000464c457c, RCX=0x0000000000000000, RDX=0x00000000464c457c
RSP=0x00007f10419985a0, RBP=0x00007f10419985e0, RSI=0x00000000a8ec2968, RDI=0x00007f10477a4ee0
R8 =0x0000000000000002, R9 =0x000000009eba8300, R10=0x0000000000000000, R11=0x0000000000000238
R12=0x00000000a8ec2910, R13=0x0000000000000005, R14=0x000000009eba8308, R15=0x00000000a8ec2918
RIP=0x00007f10471b3f1a, EFLAGS=0x0000000000010202, CSGSFS=0x0000000000000033, ERR=0x0000000000000004
  TRAPNO=0x000000000000000e

Top of Stack: (sp=0x00007f10419985a0)
0x00007f10419985a0:   000000009eba8310 00000000a8ec28e0
0x00007f10419985b0:   0000000000000003 00007f10477a4ee0
0x00007f10419985c0:   00007f10478da720 0000000000000000
0x00007f10419985d0:   00007f1041998660 0000000040de37d0
0x00007f10419985e0:   00007f1041998620 00007f104739f33b
0x00007f10419985f0:   0000000000000000 00007f10478da9c0
0x00007f1041998600:   00007f1041998610 00007f10471e0265
0x00007f1041998610:   00007f10478da9c0 00007f1041998650
0x00007f1041998620:   00007f10419986c0 00007f1047458e14
0x00007f1041998630:   00007f1047793330 00007f1046a7e700
0x00007f1041998640:   00007f10478da9c0 0000000000000001
0x00007f1041998650:   0000000000000001 00007f10479a5601
0x00007f1041998660:   0000000040010100 0000000000000000
0x00007f1041998670:   0000000040e3a6c0 0000000040df9700
0x00007f1041998680:   00007f10419986a0 0000000040dcede0
0x00007f1041998690:   0000000040e38600 00007f104779ee30
0x00007f10419986a0:   00007f10419987c0 00007f104779edd8
0x00007f10419986b0:   00007f104779b370 0000000000000000
0x00007f10419986c0:   00007f1041998920 00007f1047457cc1
0x00007f10419986d0:   00007f1039f9a401 0000000001dd3301
0x00007f10419986e0:   000000003e6b0001 00007f1041998790
0x00007f10419986f0:   0000000040e39360 000000009f1d33f8
0x00007f1041998700:   000000001efc9840 000000000a7752e8
0x00007f1041998710:   00007f10419988d0 00007f10419988a0
0x00007f1041998720:   00007f1041998820 00007f1041998850
0x00007f1041998730:   00007f1041998880 000000002973eb28
0x00007f1041998740:   00007f10419988e0 00000000001eeb40
0x00007f1041998750:   000000000a7d12e8 0000000001dd33f8
0x00007f1041998760:   000000000a9bfe28 00007f1041998800
0x00007f1041998770:   00007f1041998840 00007f1041998870
0x00007f1041998780:   00007f10419988d0 0000000040de5b20
0x00007f1041998790:   0000000040de3c20 0000000040de3b90 

Instructions: (pc=0x00007f10471b3f1a)
0x00007f10471b3efa:   0f 83 88 00 00 00 41 8b 14 24 85 d2 74 73 48 8b
0x00007f10471b3f0a:   3d 29 89 71 00 89 d3 8b 4f 08 48 d3 e3 48 03 1f
0x00007f10471b3f1a:   48 8b 33 83 e6 03 48 83 fe 03 74 55 4c 8b 2b 48
0x00007f10471b3f2a:   8b 15 c8 90 71 00 48 c7 45 d0 03 00 00 00 48 8b 

Register to memory mapping:

RAX=0x0000000000000000 is an unknown value
RBX=0x00000000464c457c is an unknown value
RCX=0x0000000000000000 is an unknown value
RDX=0x00000000464c457c is an unknown value
RSP=0x00007f10419985a0 is an unknown value
RBP=0x00007f10419985e0 is an unknown value
RSI=0x00000000a8ec2968 is an oop
java.nio.DirectFloatBufferU 
 - klass: 'java/nio/DirectFloatBufferU'
RDI=0x00007f10477a4ee0: <offset 0xaa1ee0> in /usr/lib/jvm/java-6-sun-1.6.0.26/jre/lib/amd64/server/libjvm.so at 0x00007f1046d03000
R8 =0x0000000000000002 is an unknown value
R9 =0x000000009eba8300 is an oop
{instance class} 
 - klass: {other class}
R10=0x0000000000000000 is an unknown value
R11=0x0000000000000238 is an unknown value
R12=0x00000000a8ec2910 is an oop
simplex3d.data.float.impl.ViewVec3fRFloat 
 - klass: 'simplex3d/data/float/impl/ViewVec3fRFloat'
R13=0x0000000000000005 is an unknown value
R14=0x000000009eba8308 is an oop
{instance class} 
 - klass: {other class}
R15=0x00000000a8ec2918 is an oop
simplex3d.data.float.BufferRFloatRFloat 
 - klass: 'simplex3d/data/float/BufferRFloatRFloat'


Stack: [0x00007f1041899000,0x00007f104199a000],  sp=0x00007f10419985a0,  free space=1021k
Native frames: (J=compiled Java code, j=interpreted, Vv=VM code, C=native code)
V  [libjvm.so+0x4b0f1a]  instanceKlass::oop_follow_contents(oopDesc*)+0x13a
V  [libjvm.so+0x69c33b]  MarkSweep::follow_stack()+0x7b
V  [libjvm.so+0x755e14]  PSMarkSweep::mark_sweep_phase1(bool)+0xe4
V  [libjvm.so+0x754cc1]  PSMarkSweep::invoke_no_policy(bool)+0x481
V  [libjvm.so+0x761827]  PSScavenge::invoke()+0x147
V  [libjvm.so+0x72380e]  ParallelScavengeHeap::failed_mem_allocate(unsigned long, bool)+0x5e
V  [libjvm.so+0x860408]  VM_ParallelGCFailedAllocation::doit()+0x68
V  [libjvm.so+0x86d7fa]  VM_Operation::evaluate()+0x4a
V  [libjvm.so+0x86cde2]  VMThread::evaluate_operation(VM_Operation*)+0x82
V  [libjvm.so+0x86d053]  VMThread::loop()+0x193
V  [libjvm.so+0x86cb5e]  VMThread::run()+0x6e
V  [libjvm.so+0x710adf]  java_start(Thread*)+0x13f

VM_Operation (0x00007f1037336a20): ParallelGCFailedAllocation, mode: safepoint, requested by thread 0x00007f1037bce000


---------------  P R O C E S S  ---------------

Java Threads: ( => current thread )
  0x00007f103c2f5800 JavaThread "ForkJoinScheduler" daemon [_thread_blocked, id=12874, stack(0x00007f103541a000,0x00007f103551b000)]
  0x00007f103c2f3800 JavaThread "ForkJoinPool-2-worker-15" daemon [_thread_blocked, id=12873, stack(0x00007f103551b000,0x00007f103561c000)]
  0x00007f103c111800 JavaThread "ForkJoinPool-2-worker-14" daemon [_thread_blocked, id=12872, stack(0x00007f103561c000,0x00007f103571d000)]
  0x00007f103c110800 JavaThread "ForkJoinPool-2-worker-13" daemon [_thread_blocked, id=12871, stack(0x00007f103571d000,0x00007f103581e000)]
  0x00007f103c06a800 JavaThread "ForkJoinPool-2-worker-12" daemon [_thread_blocked, id=12870, stack(0x00007f103581e000,0x00007f103591f000)]
  0x00007f103c2f1000 JavaThread "ForkJoinPool-2-worker-11" daemon [_thread_blocked, id=12869, stack(0x00007f103591f000,0x00007f1035a20000)]
  0x00007f103c2b8000 JavaThread "ForkJoinPool-2-worker-10" daemon [_thread_blocked, id=12868, stack(0x00007f1035a20000,0x00007f1035b21000)]
  0x00007f103c0ff800 JavaThread "ForkJoinPool-2-worker-9" daemon [_thread_blocked, id=12867, stack(0x00007f1035b21000,0x00007f1035c22000)]
  0x00007f103c2b5000 JavaThread "ForkJoinPool-2-worker-8" daemon [_thread_blocked, id=12866, stack(0x00007f1035c22000,0x00007f1035d23000)]
  0x00007f103c2b3000 JavaThread "ForkJoinPool-2-worker-7" daemon [_thread_blocked, id=12865, stack(0x00007f1035d23000,0x00007f1035e24000)]
  0x00007f103c2cf800 JavaThread "ForkJoinPool-2-worker-6" daemon [_thread_blocked, id=12864, stack(0x00007f1035e24000,0x00007f1035f25000)]
  0x00007f103c2cd800 JavaThread "ForkJoinPool-2-worker-5" daemon [_thread_blocked, id=12863, stack(0x00007f1035f25000,0x00007f1036026000)]
  0x00007f103c2cb800 JavaThread "ForkJoinPool-2-worker-4" daemon [_thread_blocked, id=12862, stack(0x00007f1036026000,0x00007f1036127000)]
  0x00007f103c257000 JavaThread "ForkJoinPool-2-worker-3" daemon [_thread_blocked, id=12861, stack(0x00007f1036127000,0x00007f1036228000)]
  0x00007f103c255000 JavaThread "ForkJoinPool-2-worker-2" daemon [_thread_blocked, id=12860, stack(0x00007f1036228000,0x00007f1036329000)]
  0x00007f103c21d800 JavaThread "ForkJoinPool-2-worker-1" daemon [_thread_blocked, id=12859, stack(0x00007f1036329000,0x00007f103642a000)]
  0x00007f1037bf3800 JavaThread "ForkJoinPool-2-worker-0" daemon [_thread_blocked, id=12858, stack(0x00007f103642a000,0x00007f103652b000)]
  0x00007f1037bf1800 JavaThread "Timer-0" daemon [_thread_blocked, id=12857, stack(0x00007f103652b000,0x00007f103662c000)]
  0x00007f1037be8000 JavaThread "ForkJoinScheduler" [_thread_blocked, id=12856, stack(0x00007f103662c000,0x00007f103672d000)]
  0x00007f1037be5800 JavaThread "ForkJoinPool-1-worker-15" daemon [_thread_blocked, id=12855, stack(0x00007f103672d000,0x00007f103682e000)]
  0x00007f1037be3800 JavaThread "ForkJoinPool-1-worker-14" daemon [_thread_blocked, id=12854, stack(0x00007f103682e000,0x00007f103692f000)]
  0x00007f1037be1800 JavaThread "ForkJoinPool-1-worker-13" daemon [_thread_blocked, id=12853, stack(0x00007f103692f000,0x00007f1036a30000)]
  0x00007f1037bdf000 JavaThread "ForkJoinPool-1-worker-12" daemon [_thread_blocked, id=12852, stack(0x00007f1036a30000,0x00007f1036b31000)]
  0x00007f1037bdd000 JavaThread "ForkJoinPool-1-worker-11" daemon [_thread_blocked, id=12851, stack(0x00007f1036b31000,0x00007f1036c32000)]
  0x00007f1037bda800 JavaThread "ForkJoinPool-1-worker-10" daemon [_thread_blocked, id=12850, stack(0x00007f1036c32000,0x00007f1036d33000)]
  0x00007f1037bd8800 JavaThread "ForkJoinPool-1-worker-9" daemon [_thread_blocked, id=12849, stack(0x00007f1036d33000,0x00007f1036e34000)]
  0x00007f1037bd6800 JavaThread "ForkJoinPool-1-worker-8" daemon [_thread_blocked, id=12848, stack(0x00007f1036e34000,0x00007f1036f35000)]
  0x00007f1037bd4800 JavaThread "ForkJoinPool-1-worker-7" daemon [_thread_blocked, id=12847, stack(0x00007f1036f35000,0x00007f1037036000)]
  0x00007f1037bd2000 JavaThread "ForkJoinPool-1-worker-6" daemon [_thread_blocked, id=12846, stack(0x00007f1037036000,0x00007f1037137000)]
  0x00007f1037bd0000 JavaThread "ForkJoinPool-1-worker-5" daemon [_thread_blocked, id=12845, stack(0x00007f1037137000,0x00007f1037238000)]
  0x00007f1037bce000 JavaThread "ForkJoinPool-1-worker-4" daemon [_thread_blocked, id=12844, stack(0x00007f1037238000,0x00007f1037339000)]
  0x00007f1037bca000 JavaThread "ForkJoinPool-1-worker-3" daemon [_thread_blocked, id=12843, stack(0x00007f1037339000,0x00007f103743a000)]
  0x00007f1037bc9800 JavaThread "ForkJoinPool-1-worker-2" daemon [_thread_blocked, id=12842, stack(0x00007f103743a000,0x00007f103753b000)]
  0x00007f1037d2e000 JavaThread "ForkJoinPool-1-worker-1" daemon [_thread_blocked, id=12841, stack(0x00007f103753b000,0x00007f103763c000)]
  0x00007f1037d2d000 JavaThread "ForkJoinPool-1-worker-0" daemon [_thread_blocked, id=12840, stack(0x00007f1039e9b000,0x00007f1039f9c000)]
  0x0000000041196800 JavaThread "AWT-XAWT" daemon [_thread_blocked, id=12835, stack(0x00007f103a88d000,0x00007f103a98e000)]
  0x0000000041103800 JavaThread "Java2D Disposer" daemon [_thread_blocked, id=12834, stack(0x00007f103afdb000,0x00007f103b0dc000)]
  0x00007f103c006800 JavaThread "Low Memory Detector" daemon [_thread_blocked, id=12832, stack(0x00007f1040a32000,0x00007f1040b33000)]
  0x00007f103c004000 JavaThread "C2 CompilerThread1" daemon [_thread_blocked, id=12831, stack(0x00007f1040b33000,0x00007f1040c34000)]
  0x00007f103c001000 JavaThread "C2 CompilerThread0" daemon [_thread_blocked, id=12830, stack(0x00007f1040c34000,0x00007f1040d35000)]
  0x0000000040e65800 JavaThread "Signal Dispatcher" daemon [_thread_blocked, id=12829, stack(0x00007f1040d35000,0x00007f1040e36000)]
  0x0000000040e49000 JavaThread "Finalizer" daemon [_thread_blocked, id=12828, stack(0x00007f1041697000,0x00007f1041798000)]
  0x0000000040e42000 JavaThread "Reference Handler" daemon [_thread_blocked, id=12827, stack(0x00007f1041798000,0x00007f1041899000)]
  0x0000000040dd5000 JavaThread "main" [_thread_blocked, id=12817, stack(0x00007f1046980000,0x00007f1046a81000)]

Other Threads:
=>0x0000000040e3b000 VMThread [stack: 0x00007f1041899000,0x00007f104199a000] [id=12826]
  0x00007f103c019800 WatcherThread [stack: 0x00007f1040931000,0x00007f1040a32000] [id=12833]

VM state:at safepoint (normal execution)

VM Mutex/Monitor currently owned by a thread:  ([mutex/lock_event])
[0x0000000040dd3b40] Threads_lock - owner thread: 0x0000000040e3b000
[0x0000000040dd4040] Heap_lock - owner thread: 0x00007f1037bce000

Heap
 PSYoungGen      total 508288K, used 1978K [0x00000000e0cb0000, 0x0000000100000000, 0x0000000100000000)
  eden space 505280K, 0% used [0x00000000e0cb0000,0x00000000e0cb0000,0x00000000ffa20000)
  from space 3008K, 65% used [0x00000000ffa20000,0x00000000ffc0eb40,0x00000000ffd10000)
  to   space 3008K, 0% used [0x00000000ffd10000,0x00000000ffd10000,0x0000000100000000)
 PSOldGen        total 175552K, used 171844K [0x00000000a2600000, 0x00000000ad170000, 0x00000000e0cb0000)
  object space 175552K, 97% used [0x00000000a2600000,0x00000000acdd12e8,0x00000000ad170000)
 PSPermGen       total 54848K, used 30540K [0x000000009d400000, 0x00000000a0990000, 0x00000000a2600000)
  object space 54848K, 55% used [0x000000009d400000,0x000000009f1d33f8,0x00000000a0990000)

Code Cache  [0x00007f104320e000, 0x00007f10439be000, 0x00007f104620e000)
 total_blobs=2946 nmethods=2388 adapters=512 free_code_cache=43242880 largest_free_block=571904

Dynamic libraries:
40000000-40009000 r-xp 00000000 08:01 5432681                            /usr/lib/jvm/java-6-sun-1.6.0.26/jre/bin/java
40108000-4010a000 rwxp 00008000 08:01 5432681                            /usr/lib/jvm/java-6-sun-1.6.0.26/jre/bin/java
40dcd000-413b5000 rwxp 00000000 00:00 0                                  [heap]
413b5000-413b7000 r-xs 00000000 08:01 4685975                            /tmp/glkfDWnE (deleted)
9d400000-a0990000 rwxp 00000000 00:00 0 
a0990000-a2600000 rwxp 00000000 00:00 0 
a2600000-ad170000 rwxp 00000000 00:00 0 
ad170000-b2fd0000 ---p 00000000 00:00 0 
b2fd0000-e0cb0000 rwxp 00000000 00:00 0 
e0cb0000-100000000 rwxp 00000000 00:00 0 
7f0ffc000000-7f0ffe545000 rwxp 00000000 00:00 0 
7f0ffe545000-7f1000000000 ---p 00000000 00:00 0 
7f1004000000-7f1007ff6000 rwxp 00000000 00:00 0 
7f1007ff6000-7f1008000000 ---p 00000000 00:00 0 
7f1008000000-7f1009416000 rwxp 00000000 00:00 0 
7f1009416000-7f100c000000 ---p 00000000 00:00 0 
7f100c000000-7f100cd95000 rwxp 00000000 00:00 0 
7f100cd95000-7f1010000000 ---p 00000000 00:00 0 
7f1010000000-7f1014000000 rwxp 00000000 00:00 0 
7f1015368000-7f10155b2000 rwxp 00000000 00:00 0 
7f10155b3000-7f10176f6000 rwxp 00000000 00:00 0 
7f1017700000-7f1017e00000 rwxp 00000000 00:00 0 
7f1017e00000-7f1018000000 rwxs b8d3c000 00:05 10851                      /dev/nvidia0
7f1018000000-7f101bffe000 rwxp 00000000 00:00 0 
7f101bffe000-7f101c000000 ---p 00000000 00:00 0 
7f101c000000-7f101ffff000 rwxp 00000000 00:00 0 
7f101ffff000-7f1020000000 ---p 00000000 00:00 0 
7f1020000000-7f1023ffc000 rwxp 00000000 00:00 0 
7f1023ffc000-7f1024000000 ---p 00000000 00:00 0 
7f1024000000-7f1027ff9000 rwxp 00000000 00:00 0 
7f1027ff9000-7f1028000000 ---p 00000000 00:00 0 
7f1028000000-7f102bff7000 rwxp 00000000 00:00 0 
7f102bff7000-7f102c000000 ---p 00000000 00:00 0 
7f102c020000-7f102c5d1000 rwxp 00000000 00:00 0 
7f102c5fd000-7f102e7fe000 rwxp 00000000 00:00 0 
7f102e8ca000-7f102edca000 rwxp 00000000 00:00 0 
7f102ede7000-7f102fbe7000 rwxp 00000000 00:00 0 
7f102fc00000-7f1030000000 rwxp 00000000 00:00 0 
7f1030000000-7f1033f19000 rwxp 00000000 00:00 0 
7f1033f19000-7f1034000000 ---p 00000000 00:00 0 
7f103408e000-7f1034c8e000 rwxp 00000000 00:00 0 
7f1034c8e000-7f1034cda000 r-xp 00000000 08:01 5752112                    /usr/lib/jvm/java-6-sun-1.6.0.26/jre/lib/amd64/libcmm.so
7f1034cda000-7f1034dda000 ---p 0004c000 08:01 5752112                    /usr/lib/jvm/java-6-sun-1.6.0.26/jre/lib/amd64/libcmm.so
7f1034dda000-7f1034de7000 rwxp 0004c000 08:01 5752112                    /usr/lib/jvm/java-6-sun-1.6.0.26/jre/lib/amd64/libcmm.so
7f1034de7000-7f1034de8000 rwxp 00000000 00:00 0 
7f1034de8000-7f1034e14000 r-xp 00000000 08:01 5752039                    /usr/lib/jvm/java-6-sun-1.6.0.26/jre/lib/amd64/libjpeg.so
7f1034e14000-7f1034f14000 ---p 0002c000 08:01 5752039                    /usr/lib/jvm/java-6-sun-1.6.0.26/jre/lib/amd64/libjpeg.so
7f1034f14000-7f1034f1a000 rwxp 0002c000 08:01 5752039                    /usr/lib/jvm/java-6-sun-1.6.0.26/jre/lib/amd64/libjpeg.so
7f1034f1a000-7f103541a000 rwxp 00000000 00:00 0 
7f103541a000-7f103541d000 ---p 00000000 00:00 0 
7f103541d000-7f103551b000 rwxp 00000000 00:00 0 
7f103551b000-7f103551e000 ---p 00000000 00:00 0 
7f103551e000-7f103561c000 rwxp 00000000 00:00 0 
7f103561c000-7f103561f000 ---p 00000000 00:00 0 
7f103561f000-7f103571d000 rwxp 00000000 00:00 0 
7f103571d000-7f1035720000 ---p 00000000 00:00 0 
7f1035720000-7f103581e000 rwxp 00000000 00:00 0 
7f103581e000-7f1035821000 ---p 00000000 00:00 0 
7f1035821000-7f103591f000 rwxp 00000000 00:00 0 
7f103591f000-7f1035922000 ---p 00000000 00:00 0 
7f1035922000-7f1035a20000 rwxp 00000000 00:00 0 
7f1035a20000-7f1035a23000 ---p 00000000 00:00 0 
7f1035a23000-7f1035b21000 rwxp 00000000 00:00 0 
7f1035b21000-7f1035b24000 ---p 00000000 00:00 0 
7f1035b24000-7f1035c22000 rwxp 00000000 00:00 0 
7f1035c22000-7f1035c25000 ---p 00000000 00:00 0 
7f1035c25000-7f1035d23000 rwxp 00000000 00:00 0 
7f1035d23000-7f1035d26000 ---p 00000000 00:00 0 
7f1035d26000-7f1035e24000 rwxp 00000000 00:00 0 
7f1035e24000-7f1035e27000 ---p 00000000 00:00 0 
7f1035e27000-7f1035f25000 rwxp 00000000 00:00 0 
7f1035f25000-7f1035f28000 ---p 00000000 00:00 0 
7f1035f28000-7f1036026000 rwxp 00000000 00:00 0 
7f1036026000-7f1036029000 ---p 00000000 00:00 0 
7f1036029000-7f1036127000 rwxp 00000000 00:00 0 
7f1036127000-7f103612a000 ---p 00000000 00:00 0 
7f103612a000-7f1036228000 rwxp 00000000 00:00 0 
7f1036228000-7f103622b000 ---p 00000000 00:00 0 
7f103622b000-7f1036329000 rwxp 00000000 00:00 0 
7f1036329000-7f103632c000 ---p 00000000 00:00 0 
7f103632c000-7f103642a000 rwxp 00000000 00:00 0 
7f103642a000-7f103642d000 ---p 00000000 00:00 0 
7f103642d000-7f103652b000 rwxp 00000000 00:00 0 
7f103652b000-7f103652e000 ---p 00000000 00:00 0 
7f103652e000-7f103662c000 rwxp 00000000 00:00 0 
7f103662c000-7f103662f000 ---p 00000000 00:00 0 
7f103662f000-7f103672d000 rwxp 00000000 00:00 0 
7f103672d000-7f1036730000 ---p 00000000 00:00 0 
7f1036730000-7f103682e000 rwxp 00000000 00:00 0 
7f103682e000-7f1036831000 ---p 00000000 00:00 0 
7f1036831000-7f103692f000 rwxp 00000000 00:00 0 
7f103692f000-7f1036932000 ---p 00000000 00:00 0 
7f1036932000-7f1036a30000 rwxp 00000000 00:00 0 
7f1036a30000-7f1036a33000 ---p 00000000 00:00 0 
7f1036a33000-7f1036b31000 rwxp 00000000 00:00 0 
7f1036b31000-7f1036b34000 ---p 00000000 00:00 0 
7f1036b34000-7f1036c32000 rwxp 00000000 00:00 0 
7f1036c32000-7f1036c35000 ---p 00000000 00:00 0 
7f1036c35000-7f1036d33000 rwxp 00000000 00:00 0 
7f1036d33000-7f1036d36000 ---p 00000000 00:00 0 
7f1036d36000-7f1036e34000 rwxp 00000000 00:00 0 
7f1036e34000-7f1036e37000 ---p 00000000 00:00 0 
7f1036e37000-7f1036f35000 rwxp 00000000 00:00 0 
7f1036f35000-7f1036f38000 ---p 00000000 00:00 0 
7f1036f38000-7f1037036000 rwxp 00000000 00:00 0 
7f1037036000-7f1037039000 ---p 00000000 00:00 0 
7f1037039000-7f1037137000 rwxp 00000000 00:00 0 
7f1037137000-7f103713a000 ---p 00000000 00:00 0 
7f103713a000-7f1037238000 rwxp 00000000 00:00 0 
7f1037238000-7f103723b000 ---p 00000000 00:00 0 
7f103723b000-7f1037339000 rwxp 00000000 00:00 0 
7f1037339000-7f103733c000 ---p 00000000 00:00 0 
7f103733c000-7f103743a000 rwxp 00000000 00:00 0 
7f103743a000-7f103743d000 ---p 00000000 00:00 0 
7f103743d000-7f103753b000 rwxp 00000000 00:00 0 
7f103753b000-7f103753e000 ---p 00000000 00:00 0 
7f103753e000-7f103783c000 rwxp 00000000 00:00 0 
7f103783c000-7f1037a3c000 rwxs 171fe7000 00:05 10851                     /dev/nvidia0
7f1037a3c000-7f1037a40000 rwxs 191bfc000 00:05 10851                     /dev/nvidia0
7f1037a40000-7f1037b40000 rwxs 118e3c000 00:05 10851                     /dev/nvidia0
7f1037b40000-7f1037d40000 rwxp 00000000 00:00 0 
7f1037d40000-7f103918e000 r-xp 00000000 08:01 4751366                    /usr/lib/libnvidia-glcore.so.270.41.06
7f103918e000-7f103938e000 ---p 0144e000 08:01 4751366                    /usr/lib/libnvidia-glcore.so.270.41.06
7f103938e000-7f1039976000 rwxp 0144e000 08:01 4751366                    /usr/lib/libnvidia-glcore.so.270.41.06
7f1039976000-7f103998d000 rwxp 00000000 00:00 0 
7f103998d000-7f103998e000 r-xp 00000000 08:01 5005338                    /usr/lib/tls/libnvidia-tls.so.270.41.06
7f103998e000-7f1039b8e000 ---p 00001000 08:01 5005338                    /usr/lib/tls/libnvidia-tls.so.270.41.06
7f1039b8e000-7f1039b8f000 rwxp 00001000 08:01 5005338                    /usr/lib/tls/libnvidia-tls.so.270.41.06
7f1039b8f000-7f1039c4c000 r-xp 00000000 08:01 4751380                    /usr/lib/libGL.so.270.41.06
7f1039c4c000-7f1039e4c000 ---p 000bd000 08:01 4751380                    /usr/lib/libGL.so.270.41.06
7f1039e4c000-7f1039e85000 rwxp 000bd000 08:01 4751380                    /usr/lib/libGL.so.270.41.06
7f1039e85000-7f1039e9b000 rwxp 00000000 00:00 0 
7f1039e9b000-7f1039e9e000 ---p 00000000 00:00 0 
7f1039e9e000-7f1039f9c000 rwxp 00000000 00:00 0 
7f1039f9c000-7f1039fa1000 r-xp 00000000 08:01 4753365                    /usr/lib/x86_64-linux-gnu/libXxf86vm.so.1.0.0
7f1039fa1000-7f103a1a0000 ---p 00005000 08:01 4753365                    /usr/lib/x86_64-linux-gnu/libXxf86vm.so.1.0.0
7f103a1a0000-7f103a1a1000 rwxp 00004000 08:01 4753365                    /usr/lib/x86_64-linux-gnu/libXxf86vm.so.1.0.0
7f103a1a1000-7f103a1a9000 r-xp 00000000 08:01 4753766                    /usr/lib/x86_64-linux-gnu/libXrandr.so.2.2.0
7f103a1a9000-7f103a3a8000 ---p 00008000 08:01 4753766                    /usr/lib/x86_64-linux-gnu/libXrandr.so.2.2.0
7f103a3a8000-7f103a3a9000 rwxp 00007000 08:01 4753766                    /usr/lib/x86_64-linux-gnu/libXrandr.so.2.2.0
7f103a3a9000-7f103a422000 r-xp 00000000 00:15 138284504                  /data1/home2/doering/gitprojects/gameengine/target/scala-2.9.0.final/resource_managed/main/lwjgl-resources/linux/liblwjgl64.so
7f103a422000-7f103a621000 ---p 00079000 00:15 138284504                  /data1/home2/doering/gitprojects/gameengine/target/scala-2.9.0.final/resource_managed/main/lwjgl-resources/linux/liblwjgl64.so
7f103a621000-7f103a623000 r-xp 00078000 00:15 138284504                  /data1/home2/doering/gitprojects/gameengine/target/scala-2.9.0.final/resource_managed/main/lwjgl-resources/linux/liblwjgl64.so
7f103a623000-7f103a624000 rwxp 0007a000 00:15 138284504                  /data1/home2/doering/gitprojects/gameengine/target/scala-2.9.0.final/resource_managed/main/lwjgl-resources/linux/liblwjgl64.so
7f103a624000-7f103a625000 r-xs 00000000 08:01 3063918                    /var/cache/fontconfig/c05880de57d1f5e948fdfacc138775d9-le64.cache-3
7f103a625000-7f103a62e000 r-xs 00000000 08:01 3063904                    /var/cache/fontconfig/945677eb7aeaf62f1d50efc3fb3ec7d8-le64.cache-3
7f103a62e000-7f103a632000 r-xs 00000000 08:01 3063917                    /var/cache/fontconfig/a46337af8a0b4c9b317ad981ec3bdf87-le64.cache-3
7f103a632000-7f103a635000 r-xs 00000000 08:01 3063862                    /var/cache/fontconfig/ea47318ec9849e1a71e80a5d69d13859-le64.cache-3
7f103a635000-7f103a637000 r-xs 00000000 08:01 3063897                    /var/cache/fontconfig/e3fa16a14183b06aa45b3e009278fd14-le64.cache-3
7f103a637000-7f103a63a000 r-xs 00000000 08:01 3063916                    /var/cache/fontconfig/b5ea634b0fb353b8ea17632d1f9ef766-le64.cache-3
7f103a63a000-7f103a63f000 r-xs 00000000 08:01 3063861                    /var/cache/fontconfig/6eb3985aa4124903f6ff08ba781cd364-le64.cache-3
7f103a63f000-7f103a640000 r-xs 00000000 08:01 3063914                    /var/cache/fontconfig/79517df041c92e3f2b4a9700e7dbe3c7-le64.cache-3
7f103a640000-7f103a641000 r-xs 00000000 08:01 3063913                    /var/cache/fontconfig/4abdb2dd99886b2b2d3168a6b22d0473-le64.cache-3
7f103a641000-7f103a642000 r-xs 00000000 08:01 3063912                    /var/cache/fontconfig/b9af901c4f3947128be824d599af5f25-le64.cache-3
7f103a642000-7f103a643000 r-xs 00000000 08:01 3063911                    /var/cache/fontconfig/a18183678af55fd6535fa2d00e080189-le64.cache-3
7f103a643000-7f103a645000 r-xs 00000000 08:01 3063910                    /var/cache/fontconfig/90e84e89a4382a8db77728561d41356d-le64.cache-3
7f103a645000-7f103a646000 r-xs 00000000 08:01 3063909                    /var/cache/fontconfig/b73ae53b2eee308c3d7feb99ac2d34cd-le64.cache-3
7f103a646000-7f103a647000 r-xs 00000000 08:01 3063908                    /var/cache/fontconfig/407fd690308a0b04640307de6deab6da-le64.cache-3
7f103a647000-7f103a649000 r-xs 00000000 08:01 3063907                    /var/cache/fontconfig/8039e78ad04dad2b193eec8c5f90bc4d-le64.cache-3
7f103a649000-7f103a64a000 r-xs 00000000 08:01 3063906                    /var/cache/fontconfig/27f6fa40476fb33ad65cb210c133a216-le64.cache-3
7f103a64a000-7f103a64b000 r-xs 00000000 08:01 3063905                    /var/cache/fontconfig/98d684ad3abba16030bd60992dc9c5d7-le64.cache-3
7f103a64b000-7f103a64d000 r-xs 00000000 08:01 3063889                    /var/cache/fontconfig/9123b38b1c36356a690c2f0bc4cbf728-le64.cache-3
7f103a64d000-7f103a656000 r-xs 00000000 08:01 3063841                    /var/cache/fontconfig/6d41288fd70b0be22e8c3a91e032eec0-le64.cache-3
7f103a656000-7f103a657000 r-xs 00000000 08:01 3063827                    /var/cache/fontconfig/9451a55048e8dbe8633e64d34165fdf2-le64.cache-3
7f103a657000-7f103a659000 r-xs 00000000 08:01 3063888                    /var/cache/fontconfig/ddd4086aec35a5275babba44bb759c3c-le64.cache-3
7f103a659000-7f103a65a000 r-xs 00000000 08:01 3063876                    /var/cache/fontconfig/4794a0821666d79190d59a36cb4f44b5-le64.cache-3
7f103a65a000-7f103a688000 r-xs 00000000 08:01 3063824                    /var/cache/fontconfig/365b55f210c0a22e9a19e35191240f32-le64.cache-3
7f103a688000-7f103a68a000 r-xs 00000000 08:01 3063871                    /var/cache/fontconfig/de9486f0b47a4d768a594cb4198cb1c6-le64.cache-3
7f103a68a000-7f103a691000 r-xs 00000000 08:01 3063895                    /var/cache/fontconfig/ce677e824a231659fde4a3a246a10ea3-le64.cache-3
7f103a691000-7f103a6a1000 r-xs 00000000 08:01 3063860                    /var/cache/fontconfig/d52a8644073d54c13679302ca1180695-le64.cache-3
7f103a6a1000-7f103a6a7000 r-xs 00000000 08:01 3063875                    /var/cache/fontconfig/105b9c7e6f0a4f82d8c9b6e39c52c6f9-le64.cache-3
7f103a6a7000-7f103a6aa000 r-xs 00000000 08:01 3063890                    /var/cache/fontconfig/089dead882dea3570ffc31a9898cfb69-le64.cache-3
7f103a6aa000-7f103a6b3000 r-xs 00000000 08:01 10051590                   /var/cache/fontconfig/cabbd14511b9e8a55e92af97fb3a0461-le64.cache-3
7f103a6b3000-7f103a6cd000 r-xs 00000000 08:01 3063921                    /var/cache/fontconfig/e13b20fdb08344e0e664864cc2ede53d-le64.cache-3
7f103a72c000-7f103a76c000 rwxs 17f2d0000 00:05 10851                     /dev/nvidia0
7f103a78c000-7f103a78d000 r-xp 00000000 08:01 5752149                    /usr/lib/jvm/java-6-sun-1.6.0.26/jre/lib/amd64/libjawt.so
7f103a78d000-7f103a88c000 ---p 00001000 08:01 5752149                    /usr/lib/jvm/java-6-sun-1.6.0.26/jre/lib/amd64/libjawt.so
7f103a88c000-7f103a88d000 rwxp 00000000 08:01 5752149                    /usr/lib/jvm/java-6-sun-1.6.0.26/jre/lib/amd64/libjawt.so
7f103a88d000-7f103a890000 ---p 00000000 00:00 0 
7f103a890000-7f103a98e000 rwxp 00000000 00:00 0 
7f103a98e000-7f103a993000 r-xp 00000000 08:01 4753482                    /usr/lib/x86_64-linux-gnu/libXfixes.so.3.1.0
7f103a993000-7f103ab93000 ---p 00005000 08:01 4753482                    /usr/lib/x86_64-linux-gnu/libXfixes.so.3.1.0
7f103ab93000-7f103ab94000 rwxp 00005000 08:01 4753482                    /usr/lib/x86_64-linux-gnu/libXfixes.so.3.1.0
7f103ab94000-7f103ab9e000 r-xp 00000000 08:01 18006179                   /usr/lib/x86_64-linux-gnu/libXrender.so.1.3.0
7f103ab9e000-7f103ad9d000 ---p 0000a000 08:01 18006179                   /usr/lib/x86_64-linux-gnu/libXrender.so.1.3.0
7f103ad9d000-7f103ad9e000 rwxp 00009000 08:01 18006179                   /usr/lib/x86_64-linux-gnu/libXrender.so.1.3.0
7f103ad9e000-7f103ada7000 r-xp 00000000 08:01 311387                     /usr/lib/x86_64-linux-gnu/libXcursor.so.1.0.2
7f103ada7000-7f103afa7000 ---p 00009000 08:01 311387                     /usr/lib/x86_64-linux-gnu/libXcursor.so.1.0.2
7f103afa7000-7f103afa8000 rwxp 00009000 08:01 311387                     /usr/lib/x86_64-linux-gnu/libXcursor.so.1.0.2
7f103afc0000-7f103afdb000 rwxs 1a6c80000 00:05 10851                     /dev/nvidia0
7f103afdb000-7f103afde000 ---p 00000000 00:00 0 
7f103afde000-7f103b0dc000 rwxp 00000000 00:00 0 
7f103b0dc000-7f103b155000 r-xp 00000000 08:01 5752128                    /usr/lib/jvm/java-6-sun-1.6.0.26/jre/lib/amd64/libfontmanager.so
7f103b155000-7f103b254000 ---p 00079000 08:01 5752128                    /usr/lib/jvm/java-6-sun-1.6.0.26/jre/lib/amd64/libfontmanager.so
7f103b254000-7f103b269000 rwxp 00078000 08:01 5752128                    /usr/lib/jvm/java-6-sun-1.6.0.26/jre/lib/amd64/libfontmanager.so
7f103b269000-7f103b27a000 rwxp 00000000 00:00 0 
7f103b27a000-7f103b27f000 r-xp 00000000 08:01 18006167                   /usr/lib/x86_64-linux-gnu/libXdmcp.so.6.0.0
7f103b27f000-7f103b47e000 ---p 00005000 08:01 18006167                   /usr/lib/x86_64-linux-gnu/libXdmcp.so.6.0.0
7f103b47e000-7f103b47f000 rwxp 00004000 08:01 18006167                   /usr/lib/x86_64-linux-gnu/libXdmcp.so.6.0.0
7f103b47f000-7f103b481000 r-xp 00000000 08:01 18006163                   /usr/lib/x86_64-linux-gnu/libXau.so.6.0.0
7f103b481000-7f103b681000 ---p 00002000 08:01 18006163                   /usr/lib/x86_64-linux-gnu/libXau.so.6.0.0
7f103b681000-7f103b682000 rwxp 00002000 08:01 18006163                   /usr/lib/x86_64-linux-gnu/libXau.so.6.0.0
7f103b682000-7f103b69e000 r-xp 00000000 08:01 18006171                   /usr/lib/x86_64-linux-gnu/libxcb.so.1.1.0
7f103b69e000-7f103b89d000 ---p 0001c000 08:01 18006171                   /usr/lib/x86_64-linux-gnu/libxcb.so.1.1.0
7f103b89d000-7f103b89e000 rwxp 0001b000 08:01 18006171                   /usr/lib/x86_64-linux-gnu/libxcb.so.1.1.0
7f103b89e000-7f103b8ad000 r-xp 00000000 08:01 311391                     /usr/lib/x86_64-linux-gnu/libXi.so.6.1.0
7f103b8ad000-7f103baac000 ---p 0000f000 08:01 311391                     /usr/lib/x86_64-linux-gnu/libXi.so.6.1.0
7f103baac000-7f103baad000 rwxp 0000e000 08:01 311391                     /usr/lib/x86_64-linux-gnu/libXi.so.6.1.0
7f103baad000-7f103bbe7000 r-xp 00000000 08:01 18006175                   /usr/lib/x86_64-linux-gnu/libX11.so.6.3.0
7f103bbe7000-7f103bde7000 ---p 0013a000 08:01 18006175                   /usr/lib/x86_64-linux-gnu/libX11.so.6.3.0
7f103bde7000-7f103bded000 rwxp 0013a000 08:01 18006175                   /usr/lib/x86_64-linux-gnu/libX11.so.6.3.0
7f103bded000-7f103bdff000 r-xp 00000000 08:01 4751777                    /usr/lib/x86_64-linux-gnu/libXext.so.6.4.0
7f103bdff000-7f103bfff000 ---p 00012000 08:01 4751777                    /usr/lib/x86_64-linux-gnu/libXext.so.6.4.0
7f103bfff000-7f103c000000 rwxp 00012000 08:01 4751777                    /usr/lib/x86_64-linux-gnu/libXext.so.6.4.0
7f103c000000-7f103fffa000 rwxp 00000000 00:00 0 
7f103fffa000-7f1040000000 ---p 00000000 00:00 0 
7f104000c000-7f1040011000 r-xp 00000000 08:01 4753578                    /usr/lib/libXtst.so.6.1.0
7f1040011000-7f1040211000 ---p 00005000 08:01 4753578                    /usr/lib/libXtst.so.6.1.0
7f1040211000-7f1040212000 rwxp 00005000 08:01 4753578                    /usr/lib/libXtst.so.6.1.0
7f1040218000-7f104021c000 rwxs 1a8563000 00:05 10851                     /dev/nvidia0
7f104021c000-7f104021d000 rwxs d0002000 00:05 10851                      /dev/nvidia0
7f104021d000-7f104021e000 rwxs 18d810000 00:05 10851                     /dev/nvidia0
7f104021e000-7f1040222000 rwxs 118d54000 00:05 10851                     /dev/nvidia0
7f1040222000-7f1040223000 rwxs fac06000 00:05 10851                      /dev/nvidia0
7f1040223000-7f1040224000 rwxs fa641000 00:05 10851                      /dev/nvidia0
7f1040224000-7f1040225000 rwxs 1a5859000 00:05 10851                     /dev/nvidia0
7f1040225000-7f1040226000 rwxs 18d922000 00:05 10851                     /dev/nvidia0
7f1040226000-7f1040229000 r-xs 00000000 08:01 3063887                    /var/cache/fontconfig/7ef2298fde41cc6eeb7af42e48b7d293-le64.cache-3
7f1040229000-7f1040231000 r-xs 00000000 08:01 3063855                    /var/cache/fontconfig/b83386915dae36184c7e3985fd26e4b1-le64.cache-3
7f1040231000-7f1040245000 r-xs 00000000 08:01 3063859                    /var/cache/fontconfig/865f88548240fee46819705c6468c165-le64.cache-3
7f1040245000-7f1040287000 r-xp 00000000 08:01 5752132                    /usr/lib/jvm/java-6-sun-1.6.0.26/jre/lib/amd64/xawt/libmawt.so
7f1040287000-7f1040386000 ---p 00042000 08:01 5752132                    /usr/lib/jvm/java-6-sun-1.6.0.26/jre/lib/amd64/xawt/libmawt.so
7f1040386000-7f1040392000 rwxp 00041000 08:01 5752132                    /usr/lib/jvm/java-6-sun-1.6.0.26/jre/lib/amd64/xawt/libmawt.so
7f1040392000-7f1040393000 rwxp 00000000 00:00 0 
7f1040393000-7f1040425000 r-xp 00000000 08:01 5752135                    /usr/lib/jvm/java-6-sun-1.6.0.26/jre/lib/amd64/libawt.so
7f1040425000-7f1040524000 ---p 00092000 08:01 5752135                    /usr/lib/jvm/java-6-sun-1.6.0.26/jre/lib/amd64/libawt.so
7f1040524000-7f104053e000 rwxp 00091000 08:01 5752135                    /usr/lib/jvm/java-6-sun-1.6.0.26/jre/lib/amd64/libawt.so
7f104053e000-7f1040562000 rwxp 00000000 00:00 0 
7f1040562000-7f1040565000 r-xs 00024000 00:15 138154046                  /data1/home2/doering/gitprojects/gameengine/project/boot/scala-2.9.0/lib/jline.jar
7f1040565000-7f1040568000 r-xs 00018000 00:15 138154048                  /data1/home2/doering/gitprojects/gameengine/project/boot/scala-2.9.0/lib/jansi.jar
7f1040583000-7f104058f000 r-xs 000ca000 00:15 137628717                  /data1/home2/doering/.ivy2/cache/org.lwjgl/lwjgl/jars/lwjgl-2.7.1.jar
7f104058f000-7f1040592000 r-xs 00041000 00:15 138153226                  /data1/home2/doering/gitprojects/gameengine/lib/simplex3d-math-float.jar
7f1040592000-7f1040596000 r-xs 00037000 00:15 138153221                  /data1/home2/doering/gitprojects/gameengine/lib/simplex3d-data-core.jar
7f1040596000-7f1040599000 r-xs 0001b000 00:15 138153223                  /data1/home2/doering/gitprojects/gameengine/lib/simplex3d-data-float.jar
7f1040599000-7f104059a000 r-xs 0000a000 00:15 138153220                  /data1/home2/doering/gitprojects/gameengine/lib/simplex3d-algorithm-noise.jar
7f104059a000-7f104059c000 r-xs 0003c000 00:15 138153228                  /data1/home2/doering/gitprojects/gameengine/lib/vecmath.jar
7f104059c000-7f104059f000 r-xs 00043000 00:15 138153225                  /data1/home2/doering/gitprojects/gameengine/lib/simplex3d-math-double.jar
7f104059f000-7f10405a1000 r-xs 00016000 00:15 138153227                  /data1/home2/doering/gitprojects/gameengine/lib/slick-util.jar
7f10405a1000-7f10405a4000 r-xs 0001c000 00:15 138153222                  /data1/home2/doering/gitprojects/gameengine/lib/simplex3d-data-double.jar
7f10405a4000-7f10405a7000 r-xs 0002c000 00:15 138153224                  /data1/home2/doering/gitprojects/gameengine/lib/simplex3d-math-core.jar
7f10405a7000-7f10405b0000 r-xs 00079000 00:15 138153219                  /data1/home2/doering/gitprojects/gameengine/lib/jbullet.jar
7f10405b9000-7f10405c0000 r-xp 00000000 08:01 5752113                    /usr/lib/jvm/java-6-sun-1.6.0.26/jre/lib/amd64/libnio.so
7f10405c0000-7f10406bf000 ---p 00007000 08:01 5752113                    /usr/lib/jvm/java-6-sun-1.6.0.26/jre/lib/amd64/libnio.so
7f10406bf000-7f10406c1000 rwxp 00006000 08:01 5752113                    /usr/lib/jvm/java-6-sun-1.6.0.26/jre/lib/amd64/libnio.so
7f10406c1000-7f10406d4000 r-xp 00000000 08:01 5752129                    /usr/lib/jvm/java-6-sun-1.6.0.26/jre/lib/amd64/libnet.so
7f10406d4000-7f10407d5000 ---p 00013000 08:01 5752129                    /usr/lib/jvm/java-6-sun-1.6.0.26/jre/lib/amd64/libnet.so
7f10407d5000-7f10407d8000 rwxp 00014000 08:01 5752129                    /usr/lib/jvm/java-6-sun-1.6.0.26/jre/lib/amd64/libnet.so
7f10407d8000-7f10408b2000 r-xs 00a69000 00:15 138154049                  /data1/home2/doering/gitprojects/gameengine/project/boot/scala-2.9.0/lib/scala-compiler.jar
7f10408b2000-7f1040931000 r-xs 007f5000 00:15 138154047                  /data1/home2/doering/gitprojects/gameengine/project/boot/scala-2.9.0/lib/scala-library.jar
7f1040931000-7f1040932000 ---p 00000000 00:00 0 
7f1040932000-7f1040a32000 rwxp 00000000 00:00 0 
7f1040a32000-7f1040a35000 ---p 00000000 00:00 0 
7f1040a35000-7f1040b33000 rwxp 00000000 00:00 0 
7f1040b33000-7f1040b36000 ---p 00000000 00:00 0 
7f1040b36000-7f1040c34000 rwxp 00000000 00:00 0 
7f1040c34000-7f1040c37000 ---p 00000000 00:00 0 
7f1040c37000-7f1040d35000 rwxp 00000000 00:00 0 
7f1040d35000-7f1040d38000 ---p 00000000 00:00 0 
7f1040d38000-7f1040e36000 rwxp 00000000 00:00 0 
7f1040e36000-7f1041697000 r-xp 00000000 08:01 4768442                    /usr/lib/locale/locale-archive
7f1041697000-7f104169a000 ---p 00000000 00:00 0 
7f104169a000-7f1041798000 rwxp 00000000 00:00 0 
7f1041798000-7f104179b000 ---p 00000000 00:00 0 
7f104179b000-7f1041899000 rwxp 00000000 00:00 0 
7f1041899000-7f104189a000 ---p 00000000 00:00 0 
7f104189a000-7f10422a3000 rwxp 00000000 00:00 0 
7f10422a3000-7f104243b000 r-xs 03029000 08:01 5432689                    /usr/lib/jvm/java-6-sun-1.6.0.26/jre/lib/rt.jar
7f104243b000-7f104243c000 ---p 00000000 00:00 0 
7f104243c000-7f104253c000 rwxp 00000000 00:00 0 
7f104253c000-7f104253d000 ---p 00000000 00:00 0 
7f104253d000-7f104263d000 rwxp 00000000 00:00 0 
7f104263d000-7f104263e000 ---p 00000000 00:00 0 
7f104263e000-7f104273e000 rwxp 00000000 00:00 0 
7f104273e000-7f104273f000 ---p 00000000 00:00 0 
7f104273f000-7f104283f000 rwxp 00000000 00:00 0 
7f104283f000-7f1042840000 ---p 00000000 00:00 0 
7f1042840000-7f1042940000 rwxp 00000000 00:00 0 
7f1042940000-7f1042941000 ---p 00000000 00:00 0 
7f1042941000-7f1042a41000 rwxp 00000000 00:00 0 
7f1042a41000-7f1042a42000 ---p 00000000 00:00 0 
7f1042a42000-7f1042b42000 rwxp 00000000 00:00 0 
7f1042b42000-7f1042b43000 ---p 00000000 00:00 0 
7f1042b43000-7f1042c99000 rwxp 00000000 00:00 0 
7f1042c99000-7f1042cc8000 ---p 00000000 00:00 0 
7f1042cc8000-7f1042e37000 rwxp 00000000 00:00 0 
7f1042e37000-7f1042e52000 rwxp 00000000 00:00 0 
7f1042e52000-7f1042e60000 rwxp 00000000 00:00 0 
7f1042e60000-7f1042eb6000 rwxp 00000000 00:00 0 
7f1042eb6000-7f1042ee5000 ---p 00000000 00:00 0 
7f1042ee5000-7f1043053000 rwxp 00000000 00:00 0 
7f1043053000-7f104314d000 rwxp 00000000 00:00 0 
7f104314d000-7f104316d000 rwxp 00000000 00:00 0 
7f104316d000-7f104320e000 rwxp 00000000 00:00 0 
7f104320e000-7f10439be000 rwxp 00000000 00:00 0 
7f10439be000-7f104620e000 rwxp 00000000 00:00 0 
7f104620e000-7f104621c000 r-xp 00000000 08:01 5752125                    /usr/lib/jvm/java-6-sun-1.6.0.26/jre/lib/amd64/libzip.so
7f104621c000-7f104631e000 ---p 0000e000 08:01 5752125                    /usr/lib/jvm/java-6-sun-1.6.0.26/jre/lib/amd64/libzip.so
7f104631e000-7f1046321000 rwxp 00010000 08:01 5752125                    /usr/lib/jvm/java-6-sun-1.6.0.26/jre/lib/amd64/libzip.so
7f1046321000-7f1046322000 rwxp 00000000 00:00 0 
7f1046322000-7f1046337000 r-xp 00000000 08:01 18022445                   /lib/x86_64-linux-gnu/libnsl-2.13.so
7f1046337000-7f1046536000 ---p 00015000 08:01 18022445                   /lib/x86_64-linux-gnu/libnsl-2.13.so
7f1046536000-7f1046537000 r-xp 00014000 08:01 18022445                   /lib/x86_64-linux-gnu/libnsl-2.13.so
7f1046537000-7f1046538000 rwxp 00015000 08:01 18022445                   /lib/x86_64-linux-gnu/libnsl-2.13.so
7f1046538000-7f104653a000 rwxp 00000000 00:00 0 
7f104653a000-7f1046563000 r-xp 00000000 08:01 5752130                    /usr/lib/jvm/java-6-sun-1.6.0.26/jre/lib/amd64/libjava.so
7f1046563000-7f1046662000 ---p 00029000 08:01 5752130                    /usr/lib/jvm/java-6-sun-1.6.0.26/jre/lib/amd64/libjava.so
7f1046662000-7f1046669000 rwxp 00028000 08:01 5752130                    /usr/lib/jvm/java-6-sun-1.6.0.26/jre/lib/amd64/libjava.so
7f1046669000-7f1046676000 r-xp 00000000 08:01 5752133                    /usr/lib/jvm/java-6-sun-1.6.0.26/jre/lib/amd64/libverify.so
7f1046676000-7f1046775000 ---p 0000d000 08:01 5752133                    /usr/lib/jvm/java-6-sun-1.6.0.26/jre/lib/amd64/libverify.so
7f1046775000-7f1046778000 rwxp 0000c000 08:01 5752133                    /usr/lib/jvm/java-6-sun-1.6.0.26/jre/lib/amd64/libverify.so
7f1046778000-7f104677f000 r-xp 00000000 08:01 18022446                   /lib/x86_64-linux-gnu/librt-2.13.so
7f104677f000-7f104697e000 ---p 00007000 08:01 18022446                   /lib/x86_64-linux-gnu/librt-2.13.so
7f104697e000-7f104697f000 r-xp 00006000 08:01 18022446                   /lib/x86_64-linux-gnu/librt-2.13.so
7f104697f000-7f1046980000 rwxp 00007000 08:01 18022446                   /lib/x86_64-linux-gnu/librt-2.13.so
7f1046980000-7f1046983000 ---p 00000000 00:00 0 
7f1046983000-7f1046a81000 rwxp 00000000 00:00 0 
7f1046a81000-7f1046b02000 r-xp 00000000 08:01 18022434                   /lib/x86_64-linux-gnu/libm-2.13.so
7f1046b02000-7f1046d01000 ---p 00081000 08:01 18022434                   /lib/x86_64-linux-gnu/libm-2.13.so
7f1046d01000-7f1046d02000 r-xp 00080000 08:01 18022434                   /lib/x86_64-linux-gnu/libm-2.13.so
7f1046d02000-7f1046d03000 rwxp 00081000 08:01 18022434                   /lib/x86_64-linux-gnu/libm-2.13.so
7f1046d03000-7f104761d000 r-xp 00000000 08:01 5752121                    /usr/lib/jvm/java-6-sun-1.6.0.26/jre/lib/amd64/server/libjvm.so
7f104761d000-7f104771f000 ---p 0091a000 08:01 5752121                    /usr/lib/jvm/java-6-sun-1.6.0.26/jre/lib/amd64/server/libjvm.so
7f104771f000-7f10478d4000 rwxp 0091c000 08:01 5752121                    /usr/lib/jvm/java-6-sun-1.6.0.26/jre/lib/amd64/server/libjvm.so
7f10478d4000-7f104790e000 rwxp 00000000 00:00 0 
7f104790e000-7f1047a88000 r-xp 00000000 08:01 18022410                   /lib/x86_64-linux-gnu/libc-2.13.so
7f1047a88000-7f1047c87000 ---p 0017a000 08:01 18022410                   /lib/x86_64-linux-gnu/libc-2.13.so
7f1047c87000-7f1047c8b000 r-xp 00179000 08:01 18022410                   /lib/x86_64-linux-gnu/libc-2.13.so
7f1047c8b000-7f1047c8c000 rwxp 0017d000 08:01 18022410                   /lib/x86_64-linux-gnu/libc-2.13.so
7f1047c8c000-7f1047c91000 rwxp 00000000 00:00 0 
7f1047c91000-7f1047c93000 r-xp 00000000 08:01 18022437                   /lib/x86_64-linux-gnu/libdl-2.13.so
7f1047c93000-7f1047e93000 ---p 00002000 08:01 18022437                   /lib/x86_64-linux-gnu/libdl-2.13.so
7f1047e93000-7f1047e94000 r-xp 00002000 08:01 18022437                   /lib/x86_64-linux-gnu/libdl-2.13.so
7f1047e94000-7f1047e95000 rwxp 00003000 08:01 18022437                   /lib/x86_64-linux-gnu/libdl-2.13.so
7f1047e95000-7f1047eac000 r-xp 00000000 08:01 18022432                   /lib/x86_64-linux-gnu/libpthread-2.13.so
7f1047eac000-7f10480ab000 ---p 00017000 08:01 18022432                   /lib/x86_64-linux-gnu/libpthread-2.13.so
7f10480ab000-7f10480ac000 r-xp 00016000 08:01 18022432                   /lib/x86_64-linux-gnu/libpthread-2.13.so
7f10480ac000-7f10480ad000 rwxp 00017000 08:01 18022432                   /lib/x86_64-linux-gnu/libpthread-2.13.so
7f10480ad000-7f10480b1000 rwxp 00000000 00:00 0 
7f10480b1000-7f10480d0000 r-xp 00000000 08:01 18022436                   /lib/x86_64-linux-gnu/ld-2.13.so
7f10480d0000-7f10480d1000 rwxs fa060000 00:05 10851                      /dev/nvidia0
7f10480df000-7f10480f1000 r-xs 000f0000 00:15 137629763                  /data1/home2/doering/.ivy2/cache/se.scalablesolutions.akka/akka-actor/jars/akka-actor-1.1.3.jar
7f10480f1000-7f10480f4000 r-xs 0001d000 00:15 137628726                  /data1/home2/doering/.ivy2/cache/org.lwjgl/lwjgl-util/jars/lwjgl-util-2.7.1.jar
7f10480f4000-7f10480f5000 r-xs 0019f000 00:15 137628723                  /data1/home2/doering/.ivy2/cache/org.lwjgl/lwjgl-native/jars/lwjgl-native-2.7.1.jar
7f10480f5000-7f10480fa000 r-xs 00030000 00:15 137628720                  /data1/home2/doering/.ivy2/cache/org.lwjgl/lwjgl-jinput/jars/lwjgl-jinput-2.7.1.jar
7f10480fa000-7f10480fc000 rwxs 00000000 08:01 4685975                    /tmp/glkfDWnE (deleted)
7f10480fc000-7f1048158000 rwxp 00000000 00:00 0 
7f1048158000-7f104818d000 r-xs 00000000 08:01 3057838                    /var/cache/nscd/passwd
7f104818d000-7f1048190000 rwxp 00000000 00:00 0 
7f1048190000-7f1048197000 r-xp 00000000 08:01 5752124                    /usr/lib/jvm/java-6-sun-1.6.0.26/jre/lib/amd64/jli/libjli.so
7f1048197000-7f1048298000 ---p 00007000 08:01 5752124                    /usr/lib/jvm/java-6-sun-1.6.0.26/jre/lib/amd64/jli/libjli.so
7f1048298000-7f104829a000 rwxp 00008000 08:01 5752124                    /usr/lib/jvm/java-6-sun-1.6.0.26/jre/lib/amd64/jli/libjli.so
7f104829a000-7f10482b6000 rwxp 00000000 00:00 0 
7f10482b6000-7f10482c4000 rwxp 00000000 00:00 0 
7f10482c4000-7f10482cc000 rwxs 00000000 08:01 4694073                    /tmp/hsperfdata_doering/12813
7f10482cc000-7f10482cd000 rwxp 00000000 00:00 0 
7f10482cd000-7f10482ce000 ---p 00000000 00:00 0 
7f10482ce000-7f10482d0000 rwxp 00000000 00:00 0 
7f10482d0000-7f10482d1000 r-xp 0001f000 08:01 18022436                   /lib/x86_64-linux-gnu/ld-2.13.so
7f10482d1000-7f10482d2000 rwxp 00020000 08:01 18022436                   /lib/x86_64-linux-gnu/ld-2.13.so
7f10482d2000-7f10482d3000 rwxp 00000000 00:00 0 
7fff52308000-7fff52329000 rwxp 00000000 00:00 0                          [stack]
7fff523ff000-7fff52400000 r-xp 00000000 00:00 0                          [vdso]
ffffffffff600000-ffffffffff601000 r-xp 00000000 00:00 0                  [vsyscall]

VM Arguments:
jvm_args: -Djava.library.path=/data1/home2/doering/gitprojects/gameengine/target/scala-2.9.0.final/resource_managed/main/lwjgl-resources/linux -XX:+ExplicitGCInvokesConcurrent -Xbootclasspath/a:/data1/home2/doering/gitprojects/gameengine/project/boot/scala-2.9.0/lib/scala-library.jar:/data1/home2/doering/gitprojects/gameengine/project/boot/scala-2.9.0/lib/scala-compiler.jar:/data1/home2/doering/gitprojects/gameengine/project/boot/scala-2.9.0/lib/jansi.jar:/data1/home2/doering/gitprojects/gameengine/project/boot/scala-2.9.0/lib/jline.jar 
java_command: scala.tools.nsc.MainGenericRunner -cp /data1/home2/doering/gitprojects/gameengine/target/scala-2.9.0.final/classes:/data1/home2/doering/gitprojects/gameengine/target/scala-2.9.0.final/classes:/data1/home2/doering/gitprojects/gameengine/lib/jbullet.jar:/data1/home2/doering/gitprojects/gameengine/lib/simplex3d-math-core.jar:/data1/home2/doering/gitprojects/gameengine/lib/simplex3d-data-double.jar:/data1/home2/doering/gitprojects/gameengine/lib/slick-util.jar:/data1/home2/doering/gitprojects/gameengine/lib/simplex3d-math-double.jar:/data1/home2/doering/gitprojects/gameengine/lib/vecmath.jar:/data1/home2/doering/gitprojects/gameengine/lib/simplex3d-algorithm-noise.jar:/data1/home2/doering/gitprojects/gameengine/lib/simplex3d-data-float.jar:/data1/home2/doering/gitprojects/gameengine/lib/simplex3d-data-core.jar:/data1/home2/doering/gitprojects/gameengine/lib/simplex3d-math-float.jar:/data1/home2/doering/gitprojects/gameengine/project/boot/scala-2.9.0/lib/scala-library.jar:/data1/home2/doering/.ivy2/cache/org.lwjgl/lwjgl/jars/lwjgl-2.7.1.jar:/data1/home2/doering/.ivy2/cache/org.lwjgl/lwjgl-jinput/jars/lwjgl-jinput-2.7.1.jar:/data1/home2/doering/.ivy2/cache/org.lwjgl/lwjgl-native/jars/lwjgl-native-2.7.1.jar:/data1/home2/doering/.ivy2/cache/org.lwjgl/lwjgl-util/jars/lwjgl-util-2.7.1.jar:/data1/home2/doering/.ivy2/cache/se.scalablesolutions.akka/akka-actor/jars/akka-actor-1.1.3.jar xöpäx.Main
Launcher Type: SUN_STANDARD

Environment Variables:
PATH=/ACG/opt/bin:/ACG/opt/bin:/usr/local/bin:/usr/bin:/bin:/usr/games:/ACG/opt/bin:/ACG/acgdev/gcc-4.0-x86_64/cuda4/bin:/usr/sbin:/usr/games:/usr/X11R6/bin:/ACG/acgdev/bin:/ACG/opt/bin:/ACG/opt_common/bin::/ACG/opt/bin:/ACG/acgdev/gcc-4.0-x86_64/cuda4/bin:/usr/sbin:/usr/games:/usr/X11R6/bin:/ACG/acgdev/bin:/ACG/opt/bin:/ACG/opt_common/bin::/data1/home2/doering/bin:/data1/home2/doering/local/scala/bin:/data1/home2/doering/local/idea/bin
LD_LIBRARY_PATH=/usr/lib/jvm/java-6-sun-1.6.0.26/jre/lib/amd64/server:/usr/lib/jvm/java-6-sun-1.6.0.26/jre/lib/amd64:/usr/lib/jvm/java-6-sun-1.6.0.26/jre/../lib/amd64::/ACG/acgdev/gcc-4.0-x86_64/cuda4/lib64
SHELL=/bin/bash
DISPLAY=:0.0

Signal Handlers:
SIGSEGV: [libjvm.so+0x85f800], sa_mask[0]=0x7ffbfeff, sa_flags=0x10000004
SIGBUS: [libjvm.so+0x85f800], sa_mask[0]=0x7ffbfeff, sa_flags=0x10000004
SIGFPE: [libjvm.so+0x70e300], sa_mask[0]=0x7ffbfeff, sa_flags=0x10000004
SIGPIPE: [libjvm.so+0x70e300], sa_mask[0]=0x7ffbfeff, sa_flags=0x10000004
SIGXFSZ: [libjvm.so+0x70e300], sa_mask[0]=0x7ffbfeff, sa_flags=0x10000004
SIGILL: [libjvm.so+0x70e300], sa_mask[0]=0x7ffbfeff, sa_flags=0x10000004
SIGUSR1: SIG_DFL, sa_mask[0]=0x00000000, sa_flags=0x00000000
SIGUSR2: [libjvm.so+0x711110], sa_mask[0]=0x00000004, sa_flags=0x10000004
SIGHUP: [libjvm.so+0x710d10], sa_mask[0]=0x7ffbfeff, sa_flags=0x10000004
SIGINT: [libjvm.so+0x710d10], sa_mask[0]=0x7ffbfeff, sa_flags=0x10000004
SIGTERM: [libjvm.so+0x710d10], sa_mask[0]=0x7ffbfeff, sa_flags=0x10000004
SIGQUIT: [libjvm.so+0x710d10], sa_mask[0]=0x7ffbfeff, sa_flags=0x10000004


---------------  S Y S T E M  ---------------

OS:wheezy/sid

uname:Linux 2.6.39-2-amd64 #1 SMP Wed Jun 8 11:01:04 UTC 2011 x86_64
libc:glibc 2.13 NPTL 2.13 
rlimit: STACK 8192k, CORE 0k, NPROC 47787, NOFILE 1024, AS infinity
load average:1.52 1.39 1.17

/proc/meminfo:
MemTotal:        6128456 kB
MemFree:         3003492 kB
Buffers:           56620 kB
Cached:           675428 kB
SwapCached:            0 kB
Active:          2498440 kB
Inactive:         479648 kB
Active(anon):    2246612 kB
Inactive(anon):     4200 kB
Active(file):     251828 kB
Inactive(file):   475448 kB
Unevictable:           0 kB
Mlocked:               0 kB
SwapTotal:      12699344 kB
SwapFree:       12699344 kB
Dirty:                32 kB
Writeback:             0 kB
AnonPages:       2246444 kB
Mapped:           113764 kB
Shmem:              4776 kB
Slab:              62776 kB
SReclaimable:      40292 kB
SUnreclaim:        22484 kB
KernelStack:        3088 kB
PageTables:        20440 kB
NFS_Unstable:          0 kB
Bounce:                0 kB
WritebackTmp:          0 kB
CommitLimit:    15763572 kB
Committed_AS:    2365968 kB
VmallocTotal:   34359738367 kB
VmallocUsed:      326928 kB
VmallocChunk:   34359402492 kB
HardwareCorrupted:     0 kB
AnonHugePages:         0 kB
HugePages_Total:       0
HugePages_Free:        0
HugePages_Rsvd:        0
HugePages_Surp:        0
Hugepagesize:       2048 kB
DirectMap4k:       95104 kB
DirectMap2M:     6195200 kB


CPU:total 8 (4 cores per cpu, 2 threads per core) family 6 model 26 stepping 4, cmov, cx8, fxsr, mmx, sse, sse2, sse3, ssse3, sse4.1, sse4.2, popcnt, ht

/proc/cpuinfo:
processor	: 0
vendor_id	: GenuineIntel
cpu family	: 6
model		: 26
model name	: Intel(R) Core(TM) i7 CPU         920  @ 2.67GHz
stepping	: 4
cpu MHz		: 1596.000
cache size	: 8192 KB
physical id	: 0
siblings	: 8
core id		: 0
cpu cores	: 4
apicid		: 0
initial apicid	: 0
fpu		: yes
fpu_exception	: yes
cpuid level	: 11
wp		: yes
flags		: fpu vme de pse tsc msr pae mce cx8 apic sep mtrr pge mca cmov pat pse36 clflush dts acpi mmx fxsr sse sse2 ss ht tm pbe syscall nx rdtscp lm constant_tsc arch_perfmon pebs bts rep_good nopl xtopology nonstop_tsc aperfmperf pni dtes64 monitor ds_cpl vmx est tm2 ssse3 cx16 xtpr pdcm sse4_1 sse4_2 popcnt lahf_lm ida dts tpr_shadow vnmi flexpriority ept vpid
bogomips	: 5329.76
clflush size	: 64
cache_alignment	: 64
address sizes	: 36 bits physical, 48 bits virtual
power management:

processor	: 1
vendor_id	: GenuineIntel
cpu family	: 6
model		: 26
model name	: Intel(R) Core(TM) i7 CPU         920  @ 2.67GHz
stepping	: 4
cpu MHz		: 2793.000
cache size	: 8192 KB
physical id	: 0
siblings	: 8
core id		: 1
cpu cores	: 4
apicid		: 2
initial apicid	: 2
fpu		: yes
fpu_exception	: yes
cpuid level	: 11
wp		: yes
flags		: fpu vme de pse tsc msr pae mce cx8 apic sep mtrr pge mca cmov pat pse36 clflush dts acpi mmx fxsr sse sse2 ss ht tm pbe syscall nx rdtscp lm constant_tsc arch_perfmon pebs bts rep_good nopl xtopology nonstop_tsc aperfmperf pni dtes64 monitor ds_cpl vmx est tm2 ssse3 cx16 xtpr pdcm sse4_1 sse4_2 popcnt lahf_lm ida dts tpr_shadow vnmi flexpriority ept vpid
bogomips	: 5329.32
clflush size	: 64
cache_alignment	: 64
address sizes	: 36 bits physical, 48 bits virtual
power management:

processor	: 2
vendor_id	: GenuineIntel
cpu family	: 6
model		: 26
model name	: Intel(R) Core(TM) i7 CPU         920  @ 2.67GHz
stepping	: 4
cpu MHz		: 2793.000
cache size	: 8192 KB
physical id	: 0
siblings	: 8
core id		: 3
cpu cores	: 4
apicid		: 6
initial apicid	: 6
fpu		: yes
fpu_exception	: yes
cpuid level	: 11
wp		: yes
flags		: fpu vme de pse tsc msr pae mce cx8 apic sep mtrr pge mca cmov pat pse36 clflush dts acpi mmx fxsr sse sse2 ss ht tm pbe syscall nx rdtscp lm constant_tsc arch_perfmon pebs bts rep_good nopl xtopology nonstop_tsc aperfmperf pni dtes64 monitor ds_cpl vmx est tm2 ssse3 cx16 xtpr pdcm sse4_1 sse4_2 popcnt lahf_lm ida dts tpr_shadow vnmi flexpriority ept vpid
bogomips	: 5329.32
clflush size	: 64
cache_alignment	: 64
address sizes	: 36 bits physical, 48 bits virtual
power management:

processor	: 3
vendor_id	: GenuineIntel
cpu family	: 6
model		: 26
model name	: Intel(R) Core(TM) i7 CPU         920  @ 2.67GHz
stepping	: 4
cpu MHz		: 1596.000
cache size	: 8192 KB
physical id	: 0
siblings	: 8
core id		: 2
cpu cores	: 4
apicid		: 4
initial apicid	: 4
fpu		: yes
fpu_exception	: yes
cpuid level	: 11
wp		: yes
flags		: fpu vme de pse tsc msr pae mce cx8 apic sep mtrr pge mca cmov pat pse36 clflush dts acpi mmx fxsr sse sse2 ss ht tm pbe syscall nx rdtscp lm constant_tsc arch_perfmon pebs bts rep_good nopl xtopology nonstop_tsc aperfmperf pni dtes64 monitor ds_cpl vmx est tm2 ssse3 cx16 xtpr pdcm sse4_1 sse4_2 popcnt lahf_lm ida dts tpr_shadow vnmi flexpriority ept vpid
bogomips	: 5329.32
clflush size	: 64
cache_alignment	: 64
address sizes	: 36 bits physical, 48 bits virtual
power management:

processor	: 4
vendor_id	: GenuineIntel
cpu family	: 6
model		: 26
model name	: Intel(R) Core(TM) i7 CPU         920  @ 2.67GHz
stepping	: 4
cpu MHz		: 1596.000
cache size	: 8192 KB
physical id	: 0
siblings	: 8
core id		: 2
cpu cores	: 4
apicid		: 5
initial apicid	: 5
fpu		: yes
fpu_exception	: yes
cpuid level	: 11
wp		: yes
flags		: fpu vme de pse tsc msr pae mce cx8 apic sep mtrr pge mca cmov pat pse36 clflush dts acpi mmx fxsr sse sse2 ss ht tm pbe syscall nx rdtscp lm constant_tsc arch_perfmon pebs bts rep_good nopl xtopology nonstop_tsc aperfmperf pni dtes64 monitor ds_cpl vmx est tm2 ssse3 cx16 xtpr pdcm sse4_1 sse4_2 popcnt lahf_lm ida dts tpr_shadow vnmi flexpriority ept vpid
bogomips	: 5329.31
clflush size	: 64
cache_alignment	: 64
address sizes	: 36 bits physical, 48 bits virtual
power management:

processor	: 5
vendor_id	: GenuineIntel
cpu family	: 6
model		: 26
model name	: Intel(R) Core(TM) i7 CPU         920  @ 2.67GHz
stepping	: 4
cpu MHz		: 2793.000
cache size	: 8192 KB
physical id	: 0
siblings	: 8
core id		: 3
cpu cores	: 4
apicid		: 7
initial apicid	: 7
fpu		: yes
fpu_exception	: yes
cpuid level	: 11
wp		: yes
flags		: fpu vme de pse tsc msr pae mce cx8 apic sep mtrr pge mca cmov pat pse36 clflush dts acpi mmx fxsr sse sse2 ss ht tm pbe syscall nx rdtscp lm constant_tsc arch_perfmon pebs bts rep_good nopl xtopology nonstop_tsc aperfmperf pni dtes64 monitor ds_cpl vmx est tm2 ssse3 cx16 xtpr pdcm sse4_1 sse4_2 popcnt lahf_lm ida dts tpr_shadow vnmi flexpriority ept vpid
bogomips	: 5329.32
clflush size	: 64
cache_alignment	: 64
address sizes	: 36 bits physical, 48 bits virtual
power management:

processor	: 6
vendor_id	: GenuineIntel
cpu family	: 6
model		: 26
model name	: Intel(R) Core(TM) i7 CPU         920  @ 2.67GHz
stepping	: 4
cpu MHz		: 2793.000
cache size	: 8192 KB
physical id	: 0
siblings	: 8
core id		: 1
cpu cores	: 4
apicid		: 3
initial apicid	: 3
fpu		: yes
fpu_exception	: yes
cpuid level	: 11
wp		: yes
flags		: fpu vme de pse tsc msr pae mce cx8 apic sep mtrr pge mca cmov pat pse36 clflush dts acpi mmx fxsr sse sse2 ss ht tm pbe syscall nx rdtscp lm constant_tsc arch_perfmon pebs bts rep_good nopl xtopology nonstop_tsc aperfmperf pni dtes64 monitor ds_cpl vmx est tm2 ssse3 cx16 xtpr pdcm sse4_1 sse4_2 popcnt lahf_lm ida dts tpr_shadow vnmi flexpriority ept vpid
bogomips	: 5329.32
clflush size	: 64
cache_alignment	: 64
address sizes	: 36 bits physical, 48 bits virtual
power management:

processor	: 7
vendor_id	: GenuineIntel
cpu family	: 6
model		: 26
model name	: Intel(R) Core(TM) i7 CPU         920  @ 2.67GHz
stepping	: 4
cpu MHz		: 1596.000
cache size	: 8192 KB
physical id	: 0
siblings	: 8
core id		: 0
cpu cores	: 4
apicid		: 1
initial apicid	: 1
fpu		: yes
fpu_exception	: yes
cpuid level	: 11
wp		: yes
flags		: fpu vme de pse tsc msr pae mce cx8 apic sep mtrr pge mca cmov pat pse36 clflush dts acpi mmx fxsr sse sse2 ss ht tm pbe syscall nx rdtscp lm constant_tsc arch_perfmon pebs bts rep_good nopl xtopology nonstop_tsc aperfmperf pni dtes64 monitor ds_cpl vmx est tm2 ssse3 cx16 xtpr pdcm sse4_1 sse4_2 popcnt lahf_lm ida dts tpr_shadow vnmi flexpriority ept vpid
bogomips	: 5329.32
clflush size	: 64
cache_alignment	: 64
address sizes	: 36 bits physical, 48 bits virtual
power management:



Memory: 4k page, physical 6128456k(3003492k free), swap 12699344k(12699344k free)

vm_info: Java HotSpot(TM) 64-Bit Server VM (20.1-b02) for linux-amd64 JRE (1.6.0_26-b03), built on May  4 2011 01:13:47 by "java_re" with gcc 3.2.2 (SuSE Linux)

time: Tue Aug  9 19:37:46 2011
elapsed time: 586 seconds

